Added connection Sinica - Romanita
Added connection Romanita - Fiodor
Added connection Romanita - Cristofor
Added connection Romanita - Cerasela
Added connection Romanita - Dimitrina
Added connection Romanita - Aurel
Added connection Romanita - Banel
Added connection Romanita - Miron
Added connection Romanita - Dafina
Added connection Romanita - Nidia
Added connection Romanita - Didina
Added connection Miron - Nidia
Added connection Dimitrina - Fiodor
Added connection Aurel - Cristofor
Added connection Cristofor - Banel
Added connection Sinica - Miron
Added connection Nidia - Sinica
Added connection Cerasela - Dafina
Added connection Sinica - Cristofor
Added connection Dimitrina - Nidia
